2025-05-11 16:43:44,576 - example_trend_following - INFO - Loading data...
2025-05-11 16:54:52,446 - example_trend_following - INFO - Creating mock data...
2025-05-11 16:54:52,464 - example_trend_following - INFO - Creating strategy...
2025-05-11 16:54:52,465 - example_trend_following - INFO - Setting up backtest...
2025-05-11 16:54:52,467 - example_trend_following - INFO - Running backtest...
2025-05-11 16:55:05,670 - example_trend_following - INFO - Saving backtest results...
2025-05-11 16:55:07,649 - example_trend_following - INFO - Analyzing results...
2025-05-11 17:10:32,990 - example_trend_following - INFO - Creating mock data...
2025-05-11 17:10:33,004 - example_trend_following - INFO - Creating strategy...
2025-05-11 17:10:33,005 - example_trend_following - INFO - Setting up backtest...
2025-05-11 17:10:33,009 - example_trend_following - INFO - Running backtest...
2025-05-11 17:10:46,213 - example_trend_following - INFO - Saving backtest results...
2025-05-11 17:10:48,101 - example_trend_following - INFO - Analyzing results...
2025-05-11 17:25:28,793 - example_trend_following - INFO - Creating mock data...
2025-05-11 17:25:28,798 - example_trend_following - INFO - Creating strategy...
2025-05-11 17:25:28,799 - example_trend_following - INFO - Setting up backtest...
2025-05-11 17:25:28,800 - example_trend_following - INFO - Running backtest...
2025-05-11 17:25:42,569 - example_trend_following - INFO - Saving backtest results...
2025-05-11 17:25:44,717 - example_trend_following - INFO - Analyzing results...
2025-05-11 17:50:34,885 - example_trend_following - INFO - Creating mock data...
2025-05-11 17:50:34,892 - example_trend_following - INFO - Creating strategy...
2025-05-11 17:50:34,892 - example_trend_following - INFO - Setting up backtest...
2025-05-11 17:50:34,894 - example_trend_following - INFO - Running backtest...
2025-05-11 17:50:48,220 - example_trend_following - INFO - Saving backtest results...
2025-05-11 17:50:50,147 - example_trend_following - INFO - Analyzing results...
2025-05-11 17:52:22,569 - example_trend_following - INFO - Creating mock data...
2025-05-11 17:52:22,574 - example_trend_following - INFO - Creating strategy...
2025-05-11 17:52:22,575 - example_trend_following - INFO - Setting up backtest...
2025-05-11 17:52:22,577 - example_trend_following - INFO - Running backtest...
2025-05-11 17:52:36,011 - example_trend_following - INFO - Saving backtest results...
2025-05-11 17:52:38,028 - example_trend_following - INFO - Analyzing results...
